5/7/2021 8:08:04 AM	This log contains information about the import schema operation into project 'SalesDB' on computer 'HJL011772' by user 'v-yonika'.
5/7/2021 8:08:04 AM	Import of database schema has started.
5/7/2021 8:08:44 AM	Gathering database credentials
5/7/2021 8:08:44 AM	Gathering database options
5/7/2021 8:08:44 AM	Gathering users
5/7/2021 8:08:44 AM	Gathering roles
5/7/2021 8:08:44 AM	Gathering application roles
5/7/2021 8:08:44 AM	Gathering role memberships
5/7/2021 8:08:44 AM	Gathering filegroups
5/7/2021 8:08:44 AM	Gathering full-text catalogs
5/7/2021 8:08:44 AM	Gathering assemblies
5/7/2021 8:08:44 AM	Gathering certificates
5/7/2021 8:08:44 AM	Gathering asymmetric keys
5/7/2021 8:08:44 AM	Gathering symmetric keys
5/7/2021 8:08:44 AM	Gathering encrypted symmetric keys
5/7/2021 8:08:44 AM	Gathering schemas
5/7/2021 8:08:44 AM	Gathering XML schema collections
5/7/2021 8:08:44 AM	Gathering user-defined data types
5/7/2021 8:08:44 AM	Gathering user-defined types
5/7/2021 8:08:44 AM	Gathering table types
5/7/2021 8:08:44 AM	Gathering unique keys for table types
5/7/2021 8:08:44 AM	Gathering primary keys for table types
5/7/2021 8:08:44 AM	Gathering indexes for table types
5/7/2021 8:08:44 AM	Gathering check constraints for table types
5/7/2021 8:08:44 AM	Gathering default constraints for table types
5/7/2021 8:08:44 AM	Gathering partition functions
5/7/2021 8:08:44 AM	Gathering partition schemes
5/7/2021 8:08:44 AM	Gathering functions
5/7/2021 8:08:45 AM	Gathering encrypted functions
5/7/2021 8:08:45 AM	Gathering aggregates
5/7/2021 8:08:45 AM	Gathering procedures
5/7/2021 8:08:45 AM	Gathering encrypted procedures
5/7/2021 8:08:45 AM	Gathering tables
5/7/2021 8:08:45 AM	Gathering primary keys
5/7/2021 8:08:45 AM	Gathering unique constraints
5/7/2021 8:08:45 AM	Gathering foreign keys
5/7/2021 8:08:45 AM	Gathering default constraints
5/7/2021 8:08:45 AM	Gathering check constraints
5/7/2021 8:08:45 AM	Gathering views
5/7/2021 8:08:45 AM	Gathering encrypted views
5/7/2021 8:08:45 AM	Gathering indexes
5/7/2021 8:08:45 AM	Gathering statistics
5/7/2021 8:08:45 AM	Gathering full-text index stoplists
5/7/2021 8:08:45 AM	Gathering search property lists
5/7/2021 8:08:45 AM	Gathering search properties
5/7/2021 8:08:45 AM	Gathering full-text indexes
5/7/2021 8:08:45 AM	Gathering column store indexes
5/7/2021 8:08:45 AM	Gathering spatial indexes
5/7/2021 8:08:45 AM	Gathering XML indexes
5/7/2021 8:08:45 AM	Gathering Selective XML indexes
5/7/2021 8:08:45 AM	Gathering encrypted triggers
5/7/2021 8:08:45 AM	Gathering triggers
5/7/2021 8:08:45 AM	Gathering encrypted and clr ddl triggers
5/7/2021 8:08:45 AM	Gathering ddl triggers
5/7/2021 8:08:45 AM	Gathering synonyms
5/7/2021 8:08:45 AM	Gathering defaults
5/7/2021 8:08:45 AM	Gathering data constraint uddt bindings
5/7/2021 8:08:45 AM	Gathering rules
5/7/2021 8:08:45 AM	Gathering data constraint uddt bindings
5/7/2021 8:08:45 AM	Gathering message types
5/7/2021 8:08:45 AM	Gathering queues
5/7/2021 8:08:45 AM	Gathering contracts
5/7/2021 8:08:45 AM	Gathering services
5/7/2021 8:08:45 AM	Gathering event notifications
5/7/2021 8:08:45 AM	Gathering remote service bindings
5/7/2021 8:08:45 AM	Gathering broker priorities
5/7/2021 8:08:45 AM	Gathering signatures
5/7/2021 8:08:45 AM	Gathering data compression options
5/7/2021 8:08:45 AM	Gathering sequence types
5/7/2021 8:08:45 AM	Gathering security policies
5/7/2021 8:08:50 AM	Gather column encryption keys
5/7/2021 8:08:50 AM	Gathering column master keys
5/7/2021 8:08:50 AM	Gathering external data sources
5/7/2021 8:08:50 AM	Gathering external file formats
5/7/2021 8:08:50 AM	Gathering external tables
5/7/2021 8:08:50 AM	Gathering extended properties
5/7/2021 8:08:51 AM	Scanning project for duplicate elements
5/7/2021 8:08:51 AM	Finished duplicate element processing
5/7/2021 8:08:51 AM	Finished importing database.
5/7/2021 8:08:51 AM	A summary of the import was saved to the following location: C:\Users\v-yonika\Documents\SalesDB\SalesDB\Import Schema Logs\SalesDB_20210507023804.log
5/7/2021 8:08:51 AM	Click Finish to continue...
